<?xml version="1.0" encoding="UTF-8"?>
<!-- Generated by org.testng.reporters.JUnitXMLReporter -->
<testsuite ignored="0" hostname="LAPTOP-MM6RELJU" failures="0" tests="12" name="Surefire test" time="3.195" errors="0" timestamp="2025-10-25T11:05:13 IST">
  <testcase classname="api.test.DataDrivenTest" name="testPostuser" time="1.334"/>
  <testcase classname="api.test.DataDrivenTest" name="testPostuser" time="0.021"/>
  <testcase classname="api.test.DataDrivenTest" name="testPostuser" time="0.024"/>
  <testcase classname="api.test.DataDrivenTest" name="testPostuser" time="0.02"/>
  <testcase classname="api.test.DataDrivenTest" name="testDeleteUserByName" time="0.053"/>
  <testcase classname="api.test.DataDrivenTest" name="testDeleteUserByName" time="0.016"/>
  <testcase classname="api.test.DataDrivenTest" name="testDeleteUserByName" time="0.015"/>
  <testcase classname="api.test.DataDrivenTest" name="testDeleteUserByName" time="0.018"/>
  <testcase classname="api.test.UserTest" name="testPostUser" time="0.056"/>
  <testcase classname="api.test.UserTest" name="getUserByName" time="0.018"/>
  <testcase classname="api.test.UserTest" name="updateUserByName" time="0.034"/>
  <testcase classname="api.test.UserTest" name="testDeleteUserByName" time="0.017"/>
</testsuite> <!-- Surefire test -->
