<?xml version="1.0" encoding="UTF-8"?>
<!-- Generated by org.testng.reporters.JUnitXMLReporter -->
<testsuite ignored="0" hostname="LAPTOP-MM6RELJU" failures="0" tests="4" name="Default test" time="2.111" errors="0" timestamp="2025-10-25T20:11:50 IST">
  <testcase classname="api.test.UserTest" name="testPostUser" time="1.752"/>
  <testcase classname="api.test.UserTest" name="getUserByName" time="0.041"/>
  <testcase classname="api.test.UserTest" name="updateUserByName" time="0.054"/>
  <testcase classname="api.test.UserTest" name="testDeleteUserByName" time="0.018"/>
</testsuite> <!-- Default test -->
