<?xml version="1.0" encoding="UTF-8"?>
<!-- Generated by org.testng.reporters.JUnitXMLReporter -->
<testsuite ignored="0" hostname="LAPTOP-MM6RELJU" failures="0" tests="8" name="UserTest" time="2.82" errors="0" timestamp="2025-10-25T15:31:04 IST">
  <testcase classname="api.test.DataDrivenTest" name="testPostuser" time="1.299"/>
  <testcase classname="api.test.DataDrivenTest" name="testPostuser" time="0.025"/>
  <testcase classname="api.test.DataDrivenTest" name="testPostuser" time="0.02"/>
  <testcase classname="api.test.DataDrivenTest" name="testPostuser" time="0.017"/>
  <testcase classname="api.test.DataDrivenTest" name="testDeleteUserByName" time="0.04"/>
  <testcase classname="api.test.DataDrivenTest" name="testDeleteUserByName" time="0.014"/>
  <testcase classname="api.test.DataDrivenTest" name="testDeleteUserByName" time="0.015"/>
  <testcase classname="api.test.DataDrivenTest" name="testDeleteUserByName" time="0.013"/>
</testsuite> <!-- UserTest -->
