<?xml version="1.0" encoding="UTF-8"?>
<testng-results ignored="0" total="8" passed="8" failed="0" skipped="0">
  <reporter-output>
  </reporter-output>
  <suite started-at="2025-10-25T11:53:28 IST" name="UserSuite" finished-at="2025-10-25T11:53:31 IST" duration-ms="2809">
    <groups>
    </groups>
    <test started-at="2025-10-25T11:53:28 IST" name="UserTest" finished-at="2025-10-25T11:53:31 IST" duration-ms="2809">
      <class name="api.test.DataDrivenTest">
        <test-method signature="testPostuser(java.lang.String,java.lang.String,java.lang.String,java.lang.String,java.lang.String,java.lang.String,java.lang.String)[pri:1, instance:api.test.DataDrivenTest@598bd2ba]" started-at="2025-10-25T11:53:29 IST" name="testPostuser" data-provider="Data" finished-at="2025-10-25T11:53:31 IST" duration-ms="1347" status="PASS">
          <params>
            <param index="0">
              <value>
                <![CDATA[1010]]>
              </value>
            </param>
            <param index="1">
              <value>
                <![CDATA[testuser1]]>
              </value>
            </param>
            <param index="2">
              <value>
                <![CDATA[Maninder]]>
              </value>
            </param>
            <param index="3">
              <value>
                <![CDATA[Singh]]>
              </value>
            </param>
            <param index="4">
              <value>
                <![CDATA[a@gmail.com]]>
              </value>
            </param>
            <param index="5">
              <value>
                <![CDATA[test@1]]>
              </value>
            </param>
            <param index="6">
              <value>
                <![CDATA[1234]]>
              </value>
            </param>
          </params>
          <reporter-output>
          </reporter-output>
        </test-method> <!-- testPostuser -->
        <test-method signature="testPostuser(java.lang.String,java.lang.String,java.lang.String,java.lang.String,java.lang.String,java.lang.String,java.lang.String)[pri:1, instance:api.test.DataDrivenTest@598bd2ba]" started-at="2025-10-25T11:53:31 IST" name="testPostuser" data-provider="Data" finished-at="2025-10-25T11:53:31 IST" duration-ms="23" status="PASS">
          <params>
            <param index="0">
              <value>
                <![CDATA[1020]]>
              </value>
            </param>
            <param index="1">
              <value>
                <![CDATA[testuser2]]>
              </value>
            </param>
            <param index="2">
              <value>
                <![CDATA[Maneesh]]>
              </value>
            </param>
            <param index="3">
              <value>
                <![CDATA[Maurya]]>
              </value>
            </param>
            <param index="4">
              <value>
                <![CDATA[b@gmail.com]]>
              </value>
            </param>
            <param index="5">
              <value>
                <![CDATA[test@2]]>
              </value>
            </param>
            <param index="6">
              <value>
                <![CDATA[5678]]>
              </value>
            </param>
          </params>
          <reporter-output>
          </reporter-output>
        </test-method> <!-- testPostuser -->
        <test-method signature="testPostuser(java.lang.String,java.lang.String,java.lang.String,java.lang.String,java.lang.String,java.lang.String,java.lang.String)[pri:1, instance:api.test.DataDrivenTest@598bd2ba]" started-at="2025-10-25T11:53:31 IST" name="testPostuser" data-provider="Data" finished-at="2025-10-25T11:53:31 IST" duration-ms="16" status="PASS">
          <params>
            <param index="0">
              <value>
                <![CDATA[1030]]>
              </value>
            </param>
            <param index="1">
              <value>
                <![CDATA[testuser3]]>
              </value>
            </param>
            <param index="2">
              <value>
                <![CDATA[Aditya]]>
              </value>
            </param>
            <param index="3">
              <value>
                <![CDATA[Singh]]>
              </value>
            </param>
            <param index="4">
              <value>
                <![CDATA[c@gmail.com]]>
              </value>
            </param>
            <param index="5">
              <value>
                <![CDATA[test@3]]>
              </value>
            </param>
            <param index="6">
              <value>
                <![CDATA[8765]]>
              </value>
            </param>
          </params>
          <reporter-output>
          </reporter-output>
        </test-method> <!-- testPostuser -->
        <test-method signature="testPostuser(java.lang.String,java.lang.String,java.lang.String,java.lang.String,java.lang.String,java.lang.String,java.lang.String)[pri:1, instance:api.test.DataDrivenTest@598bd2ba]" started-at="2025-10-25T11:53:31 IST" name="testPostuser" data-provider="Data" finished-at="2025-10-25T11:53:31 IST" duration-ms="16" status="PASS">
          <params>
            <param index="0">
              <value>
                <![CDATA[1040]]>
              </value>
            </param>
            <param index="1">
              <value>
                <![CDATA[testuser4]]>
              </value>
            </param>
            <param index="2">
              <value>
                <![CDATA[Anurag]]>
              </value>
            </param>
            <param index="3">
              <value>
                <![CDATA[Gangwar]]>
              </value>
            </param>
            <param index="4">
              <value>
                <![CDATA[d@gmail.com]]>
              </value>
            </param>
            <param index="5">
              <value>
                <![CDATA[test@4]]>
              </value>
            </param>
            <param index="6">
              <value>
                <![CDATA[4321]]>
              </value>
            </param>
          </params>
          <reporter-output>
          </reporter-output>
        </test-method> <!-- testPostuser -->
        <test-method signature="testDeleteUserByName(java.lang.String)[pri:2, instance:api.test.DataDrivenTest@598bd2ba]" started-at="2025-10-25T11:53:31 IST" name="testDeleteUserByName" data-provider="UserNames" finished-at="2025-10-25T11:53:31 IST" duration-ms="52" status="PASS">
          <params>
            <param index="0">
              <value>
                <![CDATA[testuser1]]>
              </value>
            </param>
          </params>
          <reporter-output>
          </reporter-output>
        </test-method> <!-- testDeleteUserByName -->
        <test-method signature="testDeleteUserByName(java.lang.String)[pri:2, instance:api.test.DataDrivenTest@598bd2ba]" started-at="2025-10-25T11:53:31 IST" name="testDeleteUserByName" data-provider="UserNames" finished-at="2025-10-25T11:53:31 IST" duration-ms="14" status="PASS">
          <params>
            <param index="0">
              <value>
                <![CDATA[testuser2]]>
              </value>
            </param>
          </params>
          <reporter-output>
          </reporter-output>
        </test-method> <!-- testDeleteUserByName -->
        <test-method signature="testDeleteUserByName(java.lang.String)[pri:2, instance:api.test.DataDrivenTest@598bd2ba]" started-at="2025-10-25T11:53:31 IST" name="testDeleteUserByName" data-provider="UserNames" finished-at="2025-10-25T11:53:31 IST" duration-ms="11" status="PASS">
          <params>
            <param index="0">
              <value>
                <![CDATA[testuser3]]>
              </value>
            </param>
          </params>
          <reporter-output>
          </reporter-output>
        </test-method> <!-- testDeleteUserByName -->
        <test-method signature="testDeleteUserByName(java.lang.String)[pri:2, instance:api.test.DataDrivenTest@598bd2ba]" started-at="2025-10-25T11:53:31 IST" name="testDeleteUserByName" data-provider="UserNames" finished-at="2025-10-25T11:53:31 IST" duration-ms="13" status="PASS">
          <params>
            <param index="0">
              <value>
                <![CDATA[testuser4]]>
              </value>
            </param>
          </params>
          <reporter-output>
          </reporter-output>
        </test-method> <!-- testDeleteUserByName -->
      </class> <!-- api.test.DataDrivenTest -->
    </test> <!-- UserTest -->
  </suite> <!-- UserSuite -->
</testng-results>
