<?xml version="1.0" encoding="UTF-8"?>
<testng-results ignored="0" total="4" passed="4" failed="0" skipped="0">
  <reporter-output>
  </reporter-output>
  <suite started-at="2025-10-25T20:11:48 IST" name="Default suite" finished-at="2025-10-25T20:11:50 IST" duration-ms="2111">
    <groups>
    </groups>
    <test started-at="2025-10-25T20:11:48 IST" name="Default test" finished-at="2025-10-25T20:11:50 IST" duration-ms="2111">
      <class name="api.test.UserTest">
        <test-method is-config="true" signature="setupData()[pri:0, instance:api.test.UserTest@c2db68f]" started-at="2025-10-25T20:11:48 IST" name="setupData" finished-at="2025-10-25T20:11:48 IST" duration-ms="194" status="PASS">
          <reporter-output>
          </reporter-output>
        </test-method> <!-- setupData -->
        <test-method signature="testPostUser()[pri:1, instance:api.test.UserTest@c2db68f]" started-at="2025-10-25T20:11:48 IST" name="testPostUser" finished-at="2025-10-25T20:11:50 IST" duration-ms="1752" status="PASS">
          <reporter-output>
          </reporter-output>
        </test-method> <!-- testPostUser -->
        <test-method signature="getUserByName()[pri:2, instance:api.test.UserTest@c2db68f]" started-at="2025-10-25T20:11:50 IST" name="getUserByName" finished-at="2025-10-25T20:11:50 IST" duration-ms="41" status="PASS">
          <reporter-output>
          </reporter-output>
        </test-method> <!-- getUserByName -->
        <test-method signature="updateUserByName()[pri:3, instance:api.test.UserTest@c2db68f]" started-at="2025-10-25T20:11:50 IST" name="updateUserByName" finished-at="2025-10-25T20:11:50 IST" duration-ms="54" status="PASS">
          <reporter-output>
          </reporter-output>
        </test-method> <!-- updateUserByName -->
        <test-method signature="testDeleteUserByName()[pri:4, instance:api.test.UserTest@c2db68f]" started-at="2025-10-25T20:11:50 IST" name="testDeleteUserByName" finished-at="2025-10-25T20:11:50 IST" duration-ms="18" status="PASS">
          <reporter-output>
          </reporter-output>
        </test-method> <!-- testDeleteUserByName -->
      </class> <!-- api.test.UserTest -->
    </test> <!-- Default test -->
  </suite> <!-- Default suite -->
</testng-results>
